<?xml version="1.0" encoding="UTF-8"?>
<!-- Generated by org.testng.reporters.JUnitReportReporter -->
<testsuite hostname="Hp_Ryzen" failures="0" tests="4" name="api.test.UserTests2" time="10.173" errors="0" timestamp="2024-09-10T15:36:03 IST" skipped="0">
  <testcase classname="api.test.UserTests2" name="testPostUser" time="4.480"/>
  <system-out/>
  <testcase classname="api.test.UserTests2" name="testGetUserByName" time="1.317"/>
  <system-out/>
  <testcase classname="api.test.UserTests2" name="testUpdateUserByName" time="2.846"/>
  <system-out/>
  <testcase classname="api.test.UserTests2" name="testDeleteUserByName" time="1.530"/>
  <system-out/>
</testsuite> <!-- api.test.UserTests2 -->
