<?xml version="1.0" encoding="UTF-8"?>
<!-- Generated by org.testng.reporters.JUnitReportReporter -->
<testsuite hostname="Hp_Ryzen" failures="0" tests="4" name="api.test.UserTests" time="10.364" errors="0" timestamp="2024-09-10T14:23:28 IST" skipped="0">
  <testcase classname="api.test.UserTests" name="testPostUser" time="4.568"/>
  <system-out/>
  <testcase classname="api.test.UserTests" name="testGetUserByName" time="1.513"/>
  <system-out/>
  <testcase classname="api.test.UserTests" name="testUpdateUserByName" time="2.868"/>
  <system-out/>
  <testcase classname="api.test.UserTests" name="testDeleteUserByName" time="1.415"/>
  <system-out/>
</testsuite> <!-- api.test.UserTests -->
