<?xml version="1.0" encoding="UTF-8"?>
<!-- Generated by org.testng.reporters.JUnitReportReporter -->
<testsuite hostname="Hp_Ryzen" failures="0" tests="6" name="api.test.DataDrivenTests" time="8.538" errors="0" timestamp="2024-09-10T12:20:46 IST" skipped="0">
  <testcase classname="api.test.DataDrivenTests" name="testPostuser" time="1.035"/>
  <system-out/>
  <testcase classname="api.test.DataDrivenTests" name="testPostuser" time="3.269"/>
  <system-out/>
  <testcase classname="api.test.DataDrivenTests" name="testPostuser" time="1.049"/>
  <system-out/>
  <testcase classname="api.test.DataDrivenTests" name="deleteUserByName" time="1.071"/>
  <system-out/>
  <testcase classname="api.test.DataDrivenTests" name="deleteUserByName" time="1.057"/>
  <system-out/>
  <testcase classname="api.test.DataDrivenTests" name="deleteUserByName" time="1.057"/>
  <system-out/>
</testsuite> <!-- api.test.DataDrivenTests -->
