<?xml version="1.0" encoding="UTF-8"?>
<!-- Generated by org.testng.reporters.JUnitReportReporter -->
<testsuite hostname="Hp_Ryzen" failures="0" tests="4" name="api.test.UserTests2" time="20.227" errors="0" timestamp="2024-09-10T16:23:51 IST" skipped="0">
  <testcase classname="api.test.UserTests2" name="testPostUser" time="12.600"/>
  <system-out/>
  <testcase classname="api.test.UserTests2" name="testGetUserByName" time="2.819"/>
  <system-out/>
  <testcase classname="api.test.UserTests2" name="testUpdateUserByName" time="3.065"/>
  <system-out/>
  <testcase classname="api.test.UserTests2" name="testDeleteUserByName" time="1.743"/>
  <system-out/>
</testsuite> <!-- api.test.UserTests2 -->
